-------------------------------------------------------------------------------
Test set: TestSuite
-------------------------------------------------------------------------------
Tests run: 1, Failures: 1, Errors: 0, Skipped: 0, Time elapsed: 13.111 s <<< FAILURE! - in TestSuite
verifyPAYOPRegistration(tests.OPRegistrationTest)  Time elapsed: 4.673 s  <<< FAILURE!
java.lang.RuntimeException: Dropdown 'Pay/Free' not found in DropdownOptions sheet.
	at tests.OPRegistrationTest.validateAndSelectDropdown(OPRegistrationTest.java:423)
	at tests.OPRegistrationTest.verifyPAYOPRegistration(OPRegistrationTest.java:264)

