<?xml version="1.0" encoding="UTF-8"?>
<testsuite xmlns:xsi="http://www.w3.org/2001/XMLSchema-instance" xsi:noNamespaceSchemaLocation="https://maven.apache.org/surefire/maven-surefire-plugin/xsd/surefire-test-report.xsd" name="TestSuite" time="41.025" tests="1" errors="0" skipped="0" failures="1">
  <properties>
[...]
</properties>
  <testcase name="verifyPAYOPRegistration" classname="tests.OPRegistrationTest" time="33.554">
    <failure message="Option &apos;Esha&apos; not found under &apos;Assign Doctor:&apos; in JSON." type="java.lang.RuntimeException">java.lang.RuntimeException: Option 'Esha' not found under 'Assign Doctor:' in JSON.
	at tests.OPRegistrationTest.validateAndSelectDropdown(OPRegistrationTest.java:323)
	at tests.OPRegistrationTest.verifyPAYOPRegistration(OPRegistrationTest.java:213)
</failure>
    <system-out><![CDATA[Executing Person Data in Column: 1
Dropdown JSON loaded successfully.
Total Normal Dropdowns : 15
Dropdown JSON saved successfully.
Dropdown JSON saved successfully.
Dropdown JSON saved successfully.
Dropdown JSON saved successfully.
Dropdown JSON saved successfully.
Dropdown JSON saved successfully.
Dropdown JSON saved successfully.
Dropdown JSON saved successfully.
Dropdown JSON saved successfully.
Dropdown JSON saved successfully.
Dropdown JSON saved successfully.
Dropdown JSON saved successfully.
Dropdown JSON saved successfully.
Dropdown JSON saved successfully.
Dropdown JSON saved successfully.
Total Custom Dropdowns : 0
Dropdown JSON saved successfully.
Normal dropdown refreshed : Next of Kin
Dropdown JSON saved successfully.
Normal dropdown refreshed : City /
]]></system-out>
    <system-err><![CDATA[SLF4J: Failed to load class "org.slf4j.impl.StaticLoggerBinder".
SLF4J: Defaulting to no-operation (NOP) logger implementation
SLF4J: See http://www.slf4j.org/codes.html#StaticLoggerBinder for further details.
ERROR StatusLogger Log4j2 could not find a logging implementation. Please add log4j-core to the classpath. Using SimpleLogger to log to the console...
]]></system-err>
  </testcase>
</testsuite>