<?xml version="1.0" encoding="UTF-8"?>
<testsuite xmlns:xsi="http://www.w3.org/2001/XMLSchema-instance" xsi:noNamespaceSchemaLocation="https://maven.apache.org/surefire/maven-surefire-plugin/xsd/surefire-test-report.xsd" name="TestSuite" time="31.58" tests="1" errors="0" skipped="0" failures="1">
  <properties>
[...]
</properties>
  <testcase name="verifyPAYOPRegistration" classname="tests.OPRegistrationTest" time="24.36">
    <failure message="Error {&#10;  message=&apos;Target page, context or browser has been closed&#10;  name=&apos;TargetClosedError&#10;  stack=&apos;TargetClosedError:Target page, context or browser has been closed&#10;Error&#10;    at captureRawStack (C:\Users\INTERN~1\AppData\Local\Temp\playwright-java-15303142060707032562\package\lib\utils\isomorphic\stackTrace.js:32:17)&#10;    at LongStandingScope._race (C:\Users\INTERN~1\AppData\Local\Temp\playwright-java-15303142060707032562\package\lib\utils\isomorphic\manualPromise.js:87:58)&#10;    at LongStandingScope.race (C:\Users\INTERN~1\AppData\Local\Temp\playwright-java-15303142060707032562\package\lib\utils\isomorphic\manualPromise.js:80:17)&#10;    at C:\Users\INTERN~1\AppData\Local\Temp\playwright-java-15303142060707032562\package\lib\utils\isomorphic\manualPromise.js:77:45&#10;    at Array.map (&lt;anonymous&gt;)&#10;    at LongStandingScope.raceMultiple (C:\Users\INTERN~1\AppData\Local\Temp\playwright-java-15303142060707032562\package\lib\utils\isomorphic\manualPromise.js:77:32)&#10;    at Frame.retryWithProgressAndTimeouts (C:\Users\INTERN~1\AppData\Local\Temp\playwright-java-15303142060707032562\package\lib\server\frames.js:865:60)&#10;    at async Frame.click (C:\Users\INTERN~1\AppData\Local\Temp\playwright-java-15303142060707032562\package\lib\server\frames.js:944:27)&#10;    at async FrameDispatcher.click (C:\Users\INTERN~1\AppData\Local\Temp\playwright-java-15303142060707032562\package\lib\server\dispatchers\frameDispatcher.js:117:12)&#10;    at async ProgressController.run (C:\Users\INTERN~1\AppData\Local\Temp\playwright-java-15303142060707032562\package\lib\server\progress.js:139:41)&#10;    at async FrameDispatcher._runCommand (C:\Users\INTERN~1\AppData\Local\Temp\playwright-java-15303142060707032562\package\lib\server\dispatchers\dispatcher.js:91:14)&#10;    at async DispatcherConnection.dispatch (C:\Users\INTERN~1\AppData\Local\Temp\playwright-java-15303142060707032562\package\lib\server\dispatchers\dispatcher.js:322:22)&#10;}&#10;Call log:&#10;-   - waiting for locator(&quot;//h3[normalize-space()=&apos;IHMS&apos;]&quot;)&#10;" type="com.microsoft.playwright.impl.TargetClosedError"><![CDATA[com.microsoft.playwright.impl.TargetClosedError: 
Error {
  message='Target page, context or browser has been closed
  name='TargetClosedError
  stack='TargetClosedError:Target page, context or browser has been closed
Error
    at captureRawStack (C:\Users\INTERN~1\AppData\Local\Temp\playwright-java-15303142060707032562\package\lib\utils\isomorphic\stackTrace.js:32:17)
    at LongStandingScope._race (C:\Users\INTERN~1\AppData\Local\Temp\playwright-java-15303142060707032562\package\lib\utils\isomorphic\manualPromise.js:87:58)
    at LongStandingScope.race (C:\Users\INTERN~1\AppData\Local\Temp\playwright-java-15303142060707032562\package\lib\utils\isomorphic\manualPromise.js:80:17)
    at C:\Users\INTERN~1\AppData\Local\Temp\playwright-java-15303142060707032562\package\lib\utils\isomorphic\manualPromise.js:77:45
    at Array.map (<anonymous>)
    at LongStandingScope.raceMultiple (C:\Users\INTERN~1\AppData\Local\Temp\playwright-java-15303142060707032562\package\lib\utils\isomorphic\manualPromise.js:77:32)
    at Frame.retryWithProgressAndTimeouts (C:\Users\INTERN~1\AppData\Local\Temp\playwright-java-15303142060707032562\package\lib\server\frames.js:865:60)
    at async Frame.click (C:\Users\INTERN~1\AppData\Local\Temp\playwright-java-15303142060707032562\package\lib\server\frames.js:944:27)
    at async FrameDispatcher.click (C:\Users\INTERN~1\AppData\Local\Temp\playwright-java-15303142060707032562\package\lib\server\dispatchers\frameDispatcher.js:117:12)
    at async ProgressController.run (C:\Users\INTERN~1\AppData\Local\Temp\playwright-java-15303142060707032562\package\lib\server\progress.js:139:41)
    at async FrameDispatcher._runCommand (C:\Users\INTERN~1\AppData\Local\Temp\playwright-java-15303142060707032562\package\lib\server\dispatchers\dispatcher.js:91:14)
    at async DispatcherConnection.dispatch (C:\Users\INTERN~1\AppData\Local\Temp\playwright-java-15303142060707032562\package\lib\server\dispatchers\dispatcher.js:322:22)
}
Call log:
-   - waiting for locator("//h3[normalize-space()='IHMS']")

	at tests.OPRegistrationTest.lambda$verifyPAYOPRegistration$0(OPRegistrationTest.java:158)
	at tests.OPRegistrationTest.verifyPAYOPRegistration(OPRegistrationTest.java:157)
Caused by: com.microsoft.playwright.impl.TargetClosedError: 
Error {
  message='Target page, context or browser has been closed
  name='TargetClosedError
  stack='TargetClosedError:Target page, context or browser has been closed
Error
    at captureRawStack (C:\Users\INTERN~1\AppData\Local\Temp\playwright-java-15303142060707032562\package\lib\utils\isomorphic\stackTrace.js:32:17)
    at LongStandingScope._race (C:\Users\INTERN~1\AppData\Local\Temp\playwright-java-15303142060707032562\package\lib\utils\isomorphic\manualPromise.js:87:58)
    at LongStandingScope.race (C:\Users\INTERN~1\AppData\Local\Temp\playwright-java-15303142060707032562\package\lib\utils\isomorphic\manualPromise.js:80:17)
    at C:\Users\INTERN~1\AppData\Local\Temp\playwright-java-15303142060707032562\package\lib\utils\isomorphic\manualPromise.js:77:45
    at Array.map (<anonymous>)
    at LongStandingScope.raceMultiple (C:\Users\INTERN~1\AppData\Local\Temp\playwright-java-15303142060707032562\package\lib\utils\isomorphic\manualPromise.js:77:32)
    at Frame.retryWithProgressAndTimeouts (C:\Users\INTERN~1\AppData\Local\Temp\playwright-java-15303142060707032562\package\lib\server\frames.js:865:60)
    at async Frame.click (C:\Users\INTERN~1\AppData\Local\Temp\playwright-java-15303142060707032562\package\lib\server\frames.js:944:27)
    at async FrameDispatcher.click (C:\Users\INTERN~1\AppData\Local\Temp\playwright-java-15303142060707032562\package\lib\server\dispatchers\frameDispatcher.js:117:12)
    at async ProgressController.run (C:\Users\INTERN~1\AppData\Local\Temp\playwright-java-15303142060707032562\package\lib\server\progress.js:139:41)
    at async FrameDispatcher._runCommand (C:\Users\INTERN~1\AppData\Local\Temp\playwright-java-15303142060707032562\package\lib\server\dispatchers\dispatcher.js:91:14)
    at async DispatcherConnection.dispatch (C:\Users\INTERN~1\AppData\Local\Temp\playwright-java-15303142060707032562\package\lib\server\dispatchers\dispatcher.js:322:22)
}
Call log:
-   - waiting for locator("//h3[normalize-space()='IHMS']")

	at tests.OPRegistrationTest.lambda$verifyPAYOPRegistration$0(OPRegistrationTest.java:158)
	at tests.OPRegistrationTest.verifyPAYOPRegistration(OPRegistrationTest.java:157)
]]></failure>
    <system-out><![CDATA[Executing Person Data in Column: 1
]]></system-out>
    <system-err><![CDATA[SLF4J: Failed to load class "org.slf4j.impl.StaticLoggerBinder".
SLF4J: Defaulting to no-operation (NOP) logger implementation
SLF4J: See http://www.slf4j.org/codes.html#StaticLoggerBinder for further details.
ERROR StatusLogger Log4j2 could not find a logging implementation. Please add log4j-core to the classpath. Using SimpleLogger to log to the console...
]]></system-err>
  </testcase>
</testsuite>