-------------------------------------------------------------------------------
Test set: TestSuite
-------------------------------------------------------------------------------
Tests run: 1, Failures: 1, Errors: 0, Skipped: 0, Time elapsed: 54.932 s <<< FAILURE! - in TestSuite
verifyPAYOPRegistration(tests.OPRegistrationTest)  Time elapsed: 47.346 s  <<< FAILURE!
java.lang.RuntimeException: Employee Grade dropdown options were not loaded.
	at tests.OPRegistrationTest.verifyPAYOPRegistration(OPRegistrationTest.java:345)

