-------------------------------------------------------------------------------
Test set: TestSuite
-------------------------------------------------------------------------------
Tests run: 1, Failures: 1, Errors: 0, Skipped: 0, Time elapsed: 21.373 s <<< FAILURE! - in TestSuite
verifySmallModuleInsideOpRegistration(tests.OPRegistrationTest)  Time elapsed: 13.771 s  <<< FAILURE!
com.microsoft.playwright.impl.TargetClosedError: 
Error {
  message='Target page, context or browser has been closed
  name='TargetClosedError
  stack='TargetClosedError: Target page, context or browser has been closed
    at DispatcherConnection.dispatch (C:\Users\INTERN~1\AppData\Local\Temp\playwright-java-4679922677312607798\package\lib\server\dispatchers\dispatcher.js:333:15)
}
Call log:
-   - waiting for locator("//button[normalize-space()='View Collection']")
-     - locator resolved to <button class="bg-white text-[#405189] border border-[#40518991] border-b-[3px] border-b-[#405189] px-6 py-2 rounded hover:bg-[#405189] hover:text-white transition">…</button>
-   - attempting click action
-     2 × waiting for element to be visible, enabled and stable
-       - element is visible, enabled and stable
-       - scrolling into view if needed
-       - done scrolling
-       - <div _ngcontent-ng-c3945334500="" class="fixed inset-0 bg-black bg-opacity-50 flex items-center justify-center z-50 ng-star-inserted">…</div> from <app-spinner _nghost-ng-c3945334500="">…</app-spinner> subtree intercepts pointer events
-     - retrying click action
-     - waiting 20ms
-     2 × waiting for element to be visible, enabled and stable
-       - element is visible, enabled and stable
-       - scrolling into view if needed
-       - done scrolling
-       - <div _ngcontent-ng-c3945334500="" class="fixed inset-0 bg-black bg-opacity-50 flex items-center justify-center z-50 ng-star-inserted">…</div> from <app-spinner _nghost-ng-c3945334500="">…</app-spinner> subtree intercepts pointer events
-     - retrying click action
-       - waiting 100ms
-     9 × waiting for element to be visible, enabled and stable
-       - element is visible, enabled and stable
-       - scrolling into view if needed
-       - done scrolling
-       - <div _ngcontent-ng-c3945334500="" class="fixed inset-0 bg-black bg-opacity-50 flex items-center justify-center z-50 ng-star-inserted">…</div> from <app-spinner _nghost-ng-c3945334500="">…</app-spinner> subtree intercepts pointer events
-     - retrying click action
-       - waiting 500ms

	at tests.OPRegistrationTest.verifyViewCollection(OPRegistrationTest.java:625)
	at tests.OPRegistrationTest.verifySmallModuleInsideOpRegistration(OPRegistrationTest.java:579)
Caused by: com.microsoft.playwright.impl.TargetClosedError: 
Error {
  message='Target page, context or browser has been closed
  name='TargetClosedError
  stack='TargetClosedError: Target page, context or browser has been closed
    at DispatcherConnection.dispatch (C:\Users\INTERN~1\AppData\Local\Temp\playwright-java-4679922677312607798\package\lib\server\dispatchers\dispatcher.js:333:15)
}
Call log:
-   - waiting for locator("//button[normalize-space()='View Collection']")
-     - locator resolved to <button class="bg-white text-[#405189] border border-[#40518991] border-b-[3px] border-b-[#405189] px-6 py-2 rounded hover:bg-[#405189] hover:text-white transition">…</button>
-   - attempting click action
-     2 × waiting for element to be visible, enabled and stable
-       - element is visible, enabled and stable
-       - scrolling into view if needed
-       - done scrolling
-       - <div _ngcontent-ng-c3945334500="" class="fixed inset-0 bg-black bg-opacity-50 flex items-center justify-center z-50 ng-star-inserted">…</div> from <app-spinner _nghost-ng-c3945334500="">…</app-spinner> subtree intercepts pointer events
-     - retrying click action
-     - waiting 20ms
-     2 × waiting for element to be visible, enabled and stable
-       - element is visible, enabled and stable
-       - scrolling into view if needed
-       - done scrolling
-       - <div _ngcontent-ng-c3945334500="" class="fixed inset-0 bg-black bg-opacity-50 flex items-center justify-center z-50 ng-star-inserted">…</div> from <app-spinner _nghost-ng-c3945334500="">…</app-spinner> subtree intercepts pointer events
-     - retrying click action
-       - waiting 100ms
-     9 × waiting for element to be visible, enabled and stable
-       - element is visible, enabled and stable
-       - scrolling into view if needed
-       - done scrolling
-       - <div _ngcontent-ng-c3945334500="" class="fixed inset-0 bg-black bg-opacity-50 flex items-center justify-center z-50 ng-star-inserted">…</div> from <app-spinner _nghost-ng-c3945334500="">…</app-spinner> subtree intercepts pointer events
-     - retrying click action
-       - waiting 500ms

	at tests.OPRegistrationTest.verifyViewCollection(OPRegistrationTest.java:625)
	at tests.OPRegistrationTest.verifySmallModuleInsideOpRegistration(OPRegistrationTest.java:579)

