<?xml version="1.0" encoding="UTF-8"?>
<!-- Generated by org.testng.reporters.JUnitXMLReporter -->
<testsuite ignored="0" hostname="DMDULBGFTRG0007" failures="1" tests="1" name="Surefire test" time="20.941" errors="0" timestamp="2026-07-23T17:18:14 IST">
  <testcase classname="tests.OPRegistrationTest" name="verifySmallModuleInsideOpRegistration" time="13.755">
    <failure type="com.microsoft.playwright.impl.TargetClosedError" message="Error {
  message=&amp;apos;Target page, context or browser has been closed
  name=&amp;apos;TargetClosedError
  stack=&amp;apos;TargetClosedError: Target page, context or browser has been closed
    at DispatcherConnection.dispatch (C:\Users\INTERN~1\AppData\Local\Temp\playwright-java-4679922677312607798\package\lib\server\dispatchers\dispatcher.js:333:15)
}
Call log:
-   - waiting for locator(&amp;quot;//button[normalize-space()=&amp;apos;View Collection&amp;apos;]&amp;quot;)
-     - locator resolved to &amp;lt;button class=&amp;quot;bg-white text-[#405189] border border-[#40518991] border-b-[3px] border-b-[#405189] px-6 py-2 rounded hover:bg-[#405189] hover:text-white transition&amp;quot;&amp;gt;…&amp;lt;/button&amp;gt;
-   - attempting click action
-     2 × waiting for element to be visible, enabled and stable
-       - element is visible, enabled and stable
-       - scrolling into view if needed
-       - done scrolling
-       - &amp;lt;div _ngcontent-ng-c3945334500=&amp;quot;&amp;quot; class=&amp;quot;fixed inset-0 bg-black bg-opacity-50 flex items-center justify-center z-50 ng-star-inserted&amp;quot;&amp;gt;…&amp;lt;/div&amp;gt; from &amp;lt;app-spinner _nghost-ng-c3945334500=&amp;quot;&amp;quot;&amp;gt;…&amp;lt;/app-spinner&amp;gt; subtree intercepts pointer events
-     - retrying click action
-     - waiting 20ms
-     2 × waiting for element to be visible, enabled and stable
-       - element is visible, enabled and stable
-       - scrolling into view if needed
-       - done scrolling
-       - &amp;lt;div _ngcontent-ng-c3945334500=&amp;quot;&amp;quot; class=&amp;quot;fixed inset-0 bg-black bg-opacity-50 flex items-center justify-center z-50 ng-star-inserted&amp;quot;&amp;gt;…&amp;lt;/div&amp;gt; from &amp;lt;app-spinner _nghost-ng-c3945334500=&amp;quot;&amp;quot;&amp;gt;…&amp;lt;/app-spinner&amp;gt; subtree intercepts pointer events
-     - retrying click action
-       - waiting 100ms
-     9 × waiting for element to be visible, enabled and stable
-       - element is visible, enabled and stable
-       - scrolling into view if needed
-       - done scrolling
-       - &amp;lt;div _ngcontent-ng-c3945334500=&amp;quot;&amp;quot; class=&amp;quot;fixed inset-0 bg-black bg-opacity-50 flex items-center justify-center z-50 ng-star-inserted&amp;quot;&amp;gt;…&amp;lt;/div&amp;gt; from &amp;lt;app-spinner _nghost-ng-c3945334500=&amp;quot;&amp;quot;&amp;gt;…&amp;lt;/app-spinner&amp;gt; subtree intercepts pointer events
-     - retrying click action
-       - waiting 500ms
">
      <![CDATA[com.microsoft.playwright.impl.TargetClosedError: Error {
  message='Target page, context or browser has been closed
  name='TargetClosedError
  stack='TargetClosedError: Target page, context or browser has been closed
    at DispatcherConnection.dispatch (C:\Users\INTERN~1\AppData\Local\Temp\playwright-java-4679922677312607798\package\lib\server\dispatchers\dispatcher.js:333:15)
}
Call log:
-   - waiting for locator("//button[normalize-space()='View Collection']")
-     - locator resolved to <button class="bg-white text-[#405189] border border-[#40518991] border-b-[3px] border-b-[#405189] px-6 py-2 rounded hover:bg-[#405189] hover:text-white transition">…</button>
-   - attempting click action
-     2 × waiting for element to be visible, enabled and stable
-       - element is visible, enabled and stable
-       - scrolling into view if needed
-       - done scrolling
-       - <div _ngcontent-ng-c3945334500="" class="fixed inset-0 bg-black bg-opacity-50 flex items-center justify-center z-50 ng-star-inserted">…</div> from <app-spinner _nghost-ng-c3945334500="">…</app-spinner> subtree intercepts pointer events
-     - retrying click action
-     - waiting 20ms
-     2 × waiting for element to be visible, enabled and stable
-       - element is visible, enabled and stable
-       - scrolling into view if needed
-       - done scrolling
-       - <div _ngcontent-ng-c3945334500="" class="fixed inset-0 bg-black bg-opacity-50 flex items-center justify-center z-50 ng-star-inserted">…</div> from <app-spinner _nghost-ng-c3945334500="">…</app-spinner> subtree intercepts pointer events
-     - retrying click action
-       - waiting 100ms
-     9 × waiting for element to be visible, enabled and stable
-       - element is visible, enabled and stable
-       - scrolling into view if needed
-       - done scrolling
-       - <div _ngcontent-ng-c3945334500="" class="fixed inset-0 bg-black bg-opacity-50 flex items-center justify-center z-50 ng-star-inserted">…</div> from <app-spinner _nghost-ng-c3945334500="">…</app-spinner> subtree intercepts pointer events
-     - retrying click action
-       - waiting 500ms

at com.microsoft.playwright.impl.WaitableResult.get(WaitableResult.java:54)
at com.microsoft.playwright.impl.ChannelOwner.runUntil(ChannelOwner.java:138)
at com.microsoft.playwright.impl.Connection.sendMessage(Connection.java:131)
at com.microsoft.playwright.impl.ChannelOwner.sendMessage(ChannelOwner.java:124)
at com.microsoft.playwright.impl.FrameImpl.clickImpl(FrameImpl.java:241)
at com.microsoft.playwright.impl.PageImpl.click(PageImpl.java:680)
at com.microsoft.playwright.Page.click(Page.java:3931)
at utils.ReusableCode.buttonClick(ReusableCode.java:52)
at tests.OPRegistrationTest.verifyViewCollection(OPRegistrationTest.java:625)
at tests.OPRegistrationTest.verifySmallModuleInsideOpRegistration(OPRegistrationTest.java:579)
at java.base/java.util.ArrayList.forEach(ArrayList.java:1596)
Caused by: com.microsoft.playwright.impl.TargetClosedError: Error {
  message='Target page, context or browser has been closed
  name='TargetClosedError
  stack='TargetClosedError: Target page, context or browser has been closed
    at DispatcherConnection.dispatch (C:\Users\INTERN~1\AppData\Local\Temp\playwright-java-4679922677312607798\package\lib\server\dispatchers\dispatcher.js:333:15)
}
Call log:
-   - waiting for locator("//button[normalize-space()='View Collection']")
-     - locator resolved to <button class="bg-white text-[#405189] border border-[#40518991] border-b-[3px] border-b-[#405189] px-6 py-2 rounded hover:bg-[#405189] hover:text-white transition">…</button>
-   - attempting click action
-     2 × waiting for element to be visible, enabled and stable
-       - element is visible, enabled and stable
-       - scrolling into view if needed
-       - done scrolling
-       - <div _ngcontent-ng-c3945334500="" class="fixed inset-0 bg-black bg-opacity-50 flex items-center justify-center z-50 ng-star-inserted">…</div> from <app-spinner _nghost-ng-c3945334500="">…</app-spinner> subtree intercepts pointer events
-     - retrying click action
-     - waiting 20ms
-     2 × waiting for element to be visible, enabled and stable
-       - element is visible, enabled and stable
-       - scrolling into view if needed
-       - done scrolling
-       - <div _ngcontent-ng-c3945334500="" class="fixed inset-0 bg-black bg-opacity-50 flex items-center justify-center z-50 ng-star-inserted">…</div> from <app-spinner _nghost-ng-c3945334500="">…</app-spinner> subtree intercepts pointer events
-     - retrying click action
-       - waiting 100ms
-     9 × waiting for element to be visible, enabled and stable
-       - element is visible, enabled and stable
-       - scrolling into view if needed
-       - done scrolling
-       - <div _ngcontent-ng-c3945334500="" class="fixed inset-0 bg-black bg-opacity-50 flex items-center justify-center z-50 ng-star-inserted">…</div> from <app-spinner _nghost-ng-c3945334500="">…</app-spinner> subtree intercepts pointer events
-     - retrying click action
-       - waiting 500ms

at com.microsoft.playwright.impl.Connection.dispatch(Connection.java:259)
at com.microsoft.playwright.impl.Connection.processOneMessage(Connection.java:214)
at com.microsoft.playwright.impl.ChannelOwner.runUntil(ChannelOwner.java:136)
... 39 more
... Removed 30 stack frames]]>
    </failure>
  </testcase> <!-- verifySmallModuleInsideOpRegistration -->
</testsuite> <!-- Surefire test -->
