<?xml version="1.0" encoding="UTF-8"?>
<!-- Generated by org.testng.reporters.JUnitXMLReporter -->
<testsuite ignored="0" hostname="DMDULBGFTRG0007" failures="1" tests="1" name="Surefire test" time="38.782" errors="0" timestamp="2026-06-26T17:34:16 IST">
  <testcase classname="tests.OPRegistrationTest" name="verifyPAYOPRegistration" time="32.935">
    <failure type="com.microsoft.playwright.TimeoutError" message="Error {
  message=&amp;apos;Timeout 30000ms exceeded.
  name=&amp;apos;TimeoutError
  stack=&amp;apos;TimeoutError: Timeout 30000ms exceeded.
    at ProgressController.run (C:\Users\INTERN~1\AppData\Local\Temp\playwright-java-14096000808342186766\package\lib\server\progress.js:65:26)
    at FrameDispatcher._runCommand (C:\Users\INTERN~1\AppData\Local\Temp\playwright-java-14096000808342186766\package\lib\server\dispatchers\dispatcher.js:91:31)
    at DispatcherConnection.dispatch (C:\Users\INTERN~1\AppData\Local\Temp\playwright-java-14096000808342186766\package\lib\server\dispatchers\dispatcher.js:322:39)
}
Call log:
-   - waiting for locator(&amp;quot;//label[contains(normalize-space(),&amp;apos;Taluk&amp;apos;)]/following::div[contains(@class,&amp;apos;cursor-pointer&amp;apos;)][1]&amp;quot;) to be visible
">
      <![CDATA[com.microsoft.playwright.TimeoutError: Error {
  message='Timeout 30000ms exceeded.
  name='TimeoutError
  stack='TimeoutError: Timeout 30000ms exceeded.
    at ProgressController.run (C:\Users\INTERN~1\AppData\Local\Temp\playwright-java-14096000808342186766\package\lib\server\progress.js:65:26)
    at FrameDispatcher._runCommand (C:\Users\INTERN~1\AppData\Local\Temp\playwright-java-14096000808342186766\package\lib\server\dispatchers\dispatcher.js:91:31)
    at DispatcherConnection.dispatch (C:\Users\INTERN~1\AppData\Local\Temp\playwright-java-14096000808342186766\package\lib\server\dispatchers\dispatcher.js:322:39)
}
Call log:
-   - waiting for locator("//label[contains(normalize-space(),'Taluk')]/following::div[contains(@class,'cursor-pointer')][1]") to be visible

at com.microsoft.playwright.impl.WaitableResult.get(WaitableResult.java:52)
at com.microsoft.playwright.impl.ChannelOwner.runUntil(ChannelOwner.java:138)
at com.microsoft.playwright.impl.Connection.sendMessage(Connection.java:131)
at com.microsoft.playwright.impl.ChannelOwner.sendMessage(ChannelOwner.java:124)
at com.microsoft.playwright.impl.FrameImpl.waitForSelectorImpl(FrameImpl.java:985)
at com.microsoft.playwright.impl.LocatorImpl.waitFor(LocatorImpl.java:625)
at com.microsoft.playwright.Locator.waitFor(Locator.java:5418)
at utils.DropdownStore.storeDropdownOptions(DropdownStore.java:32)
at tests.OPRegistrationTest.verifyPAYOPRegistration(OPRegistrationTest.java:38)
at java.base/java.util.ArrayList.forEach(ArrayList.java:1596)
Caused by: com.microsoft.playwright.TimeoutError: Error {
  message='Timeout 30000ms exceeded.
  name='TimeoutError
  stack='TimeoutError: Timeout 30000ms exceeded.
    at ProgressController.run (C:\Users\INTERN~1\AppData\Local\Temp\playwright-java-14096000808342186766\package\lib\server\progress.js:65:26)
    at FrameDispatcher._runCommand (C:\Users\INTERN~1\AppData\Local\Temp\playwright-java-14096000808342186766\package\lib\server\dispatchers\dispatcher.js:91:31)
    at DispatcherConnection.dispatch (C:\Users\INTERN~1\AppData\Local\Temp\playwright-java-14096000808342186766\package\lib\server\dispatchers\dispatcher.js:322:39)
}
Call log:
-   - waiting for locator("//label[contains(normalize-space(),'Taluk')]/following::div[contains(@class,'cursor-pointer')][1]") to be visible

at com.microsoft.playwright.impl.Connection.dispatch(Connection.java:257)
at com.microsoft.playwright.impl.Connection.processOneMessage(Connection.java:214)
at com.microsoft.playwright.impl.ChannelOwner.runUntil(ChannelOwner.java:136)
... 38 more
... Removed 30 stack frames]]>
    </failure>
  </testcase> <!-- verifyPAYOPRegistration -->
</testsuite> <!-- Surefire test -->
