<?xml version="1.0" encoding="UTF-8"?>
<!-- Generated by org.testng.reporters.JUnitXMLReporter -->
<testsuite ignored="0" hostname="DMDULBGFTRG0007" failures="1" tests="1" name="Surefire test" time="54.524" errors="0" timestamp="2026-07-06T17:23:43 IST">
  <testcase classname="tests.OPRegistrationTest" name="verifyPAYOPRegistration" time="47.326">
    <failure type="java.lang.RuntimeException" message="Employee Grade dropdown options were not loaded.">
      <![CDATA[java.lang.RuntimeException: Employee Grade dropdown options were not loaded.
at utils.DropdownReader.captureNormalDropdown(DropdownReader.java:351)
at tests.OPRegistrationTest.verifyPAYOPRegistration(OPRegistrationTest.java:345)
at java.base/java.util.ArrayList.forEach(ArrayList.java:1596)
... Removed 30 stack frames]]>
    </failure>
  </testcase> <!-- verifyPAYOPRegistration -->
</testsuite> <!-- Surefire test -->
