<?xml version="1.0" encoding="UTF-8"?>
<!-- Generated by org.testng.reporters.JUnitXMLReporter -->
<testsuite ignored="0" hostname="DMDULBGFTRG0007" failures="1" tests="1" name="Surefire test" time="40.586" errors="0" timestamp="2026-07-15T17:58:23 IST">
  <testcase classname="tests.OPRegistrationTest" name="verifyPAYOPRegistration" time="33.542">
    <failure type="java.lang.RuntimeException" message="Option &amp;apos;Esha&amp;apos; not found under &amp;apos;Assign Doctor:&amp;apos; in JSON.">
      <![CDATA[java.lang.RuntimeException: Option 'Esha' not found under 'Assign Doctor:' in JSON.
at tests.OPRegistrationTest.validateAndSelectDropdown(OPRegistrationTest.java:323)
at tests.OPRegistrationTest.verifyPAYOPRegistration(OPRegistrationTest.java:213)
at java.base/java.util.ArrayList.forEach(ArrayList.java:1596)
... Removed 30 stack frames]]>
    </failure>
  </testcase> <!-- verifyPAYOPRegistration -->
</testsuite> <!-- Surefire test -->
