<?xml version="1.0" encoding="UTF-8"?>
<!-- Generated by org.testng.reporters.JUnitXMLReporter -->
<testsuite ignored="0" hostname="DMDULBGFTRG0007" failures="1" tests="1" name="Surefire test" time="73.61" errors="0" timestamp="2026-07-18T15:50:28 IST">
  <testcase classname="tests.OPRegistrationTest" name="verifyPAYOPRegistration" time="66.786">
    <failure type="com.microsoft.playwright.TimeoutError" message="Error {
  message=&amp;apos;Timeout 30000ms exceeded.
  name=&amp;apos;TimeoutError
  stack=&amp;apos;TimeoutError: Timeout 30000ms exceeded.
    at ProgressController.run (C:\Users\INTERN~1\AppData\Local\Temp\playwright-java-17110905558599355045\package\lib\server\progress.js:65:26)
    at FrameDispatcher._runCommand (C:\Users\INTERN~1\AppData\Local\Temp\playwright-java-17110905558599355045\package\lib\server\dispatchers\dispatcher.js:91:31)
    at DispatcherConnection.dispatch (C:\Users\INTERN~1\AppData\Local\Temp\playwright-java-17110905558599355045\package\lib\server\dispatchers\dispatcher.js:322:39)
}
Call log:
-   - waiting for locator(&amp;quot;//button[.//span[normalize-space()=&amp;apos;Credit Card&amp;apos;]]&amp;quot;)
">
      <![CDATA[com.microsoft.playwright.TimeoutError: Error {
  message='Timeout 30000ms exceeded.
  name='TimeoutError
  stack='TimeoutError: Timeout 30000ms exceeded.
    at ProgressController.run (C:\Users\INTERN~1\AppData\Local\Temp\playwright-java-17110905558599355045\package\lib\server\progress.js:65:26)
    at FrameDispatcher._runCommand (C:\Users\INTERN~1\AppData\Local\Temp\playwright-java-17110905558599355045\package\lib\server\dispatchers\dispatcher.js:91:31)
    at DispatcherConnection.dispatch (C:\Users\INTERN~1\AppData\Local\Temp\playwright-java-17110905558599355045\package\lib\server\dispatchers\dispatcher.js:322:39)
}
Call log:
-   - waiting for locator("//button[.//span[normalize-space()='Credit Card']]")

at com.microsoft.playwright.impl.WaitableResult.get(WaitableResult.java:52)
at com.microsoft.playwright.impl.ChannelOwner.runUntil(ChannelOwner.java:138)
at com.microsoft.playwright.impl.Connection.sendMessage(Connection.java:131)
at com.microsoft.playwright.impl.ChannelOwner.sendMessage(ChannelOwner.java:124)
at com.microsoft.playwright.impl.FrameImpl.clickImpl(FrameImpl.java:241)
at com.microsoft.playwright.impl.FrameImpl.click(FrameImpl.java:232)
at com.microsoft.playwright.impl.LocatorImpl.click(LocatorImpl.java:164)
at com.microsoft.playwright.Locator.click(Locator.java:2500)
at utils.ReusableCode.testClick(ReusableCode.java:129)
at tests.OPRegistrationTest.verifyPAYOPRegistration(OPRegistrationTest.java:284)
at java.base/java.util.ArrayList.forEach(ArrayList.java:1596)
Caused by: com.microsoft.playwright.TimeoutError: Error {
  message='Timeout 30000ms exceeded.
  name='TimeoutError
  stack='TimeoutError: Timeout 30000ms exceeded.
    at ProgressController.run (C:\Users\INTERN~1\AppData\Local\Temp\playwright-java-17110905558599355045\package\lib\server\progress.js:65:26)
    at FrameDispatcher._runCommand (C:\Users\INTERN~1\AppData\Local\Temp\playwright-java-17110905558599355045\package\lib\server\dispatchers\dispatcher.js:91:31)
    at DispatcherConnection.dispatch (C:\Users\INTERN~1\AppData\Local\Temp\playwright-java-17110905558599355045\package\lib\server\dispatchers\dispatcher.js:322:39)
}
Call log:
-   - waiting for locator("//button[.//span[normalize-space()='Credit Card']]")

at com.microsoft.playwright.impl.Connection.dispatch(Connection.java:257)
at com.microsoft.playwright.impl.Connection.processOneMessage(Connection.java:214)
at com.microsoft.playwright.impl.ChannelOwner.runUntil(ChannelOwner.java:136)
... 39 more
... Removed 30 stack frames]]>
    </failure>
  </testcase> <!-- verifyPAYOPRegistration -->
</testsuite> <!-- Surefire test -->
