<?xml version="1.0" encoding="UTF-8"?>
<!-- Generated by org.testng.reporters.JUnitXMLReporter -->
<testsuite ignored="0" hostname="DMDULBGFTRG0007" failures="1" tests="1" name="Surefire test" time="68.83" errors="0" timestamp="2026-07-20T17:52:17 IST">
  <testcase classname="tests.OPRegistrationTest" name="verifyPAYOPRegistration" time="61.315">
    <failure type="com.microsoft.playwright.impl.TargetClosedError" message="Error {
  message=&amp;apos;Target page, context or browser has been closed
  name=&amp;apos;TargetClosedError
  stack=&amp;apos;TargetClosedError: Target page, context or browser has been closed
    at DispatcherConnection.dispatch (C:\Users\INTERN~1\AppData\Local\Temp\playwright-java-3779845462637091283\package\lib\server\dispatchers\dispatcher.js:256:69)
    at transport.onmessage (C:\Users\INTERN~1\AppData\Local\Temp\playwright-java-3779845462637091283\package\lib\cli\driver.js:53:59)
    at Immediate._onImmediate (C:\Users\INTERN~1\AppData\Local\Temp\playwright-java-3779845462637091283\package\lib\server\utils\pipeTransport.js:76:16)
    at process.processImmediate (node:internal/timers:485:21)
}">
      <![CDATA[com.microsoft.playwright.impl.TargetClosedError: Error {
  message='Target page, context or browser has been closed
  name='TargetClosedError
  stack='TargetClosedError: Target page, context or browser has been closed
    at DispatcherConnection.dispatch (C:\Users\INTERN~1\AppData\Local\Temp\playwright-java-3779845462637091283\package\lib\server\dispatchers\dispatcher.js:256:69)
    at transport.onmessage (C:\Users\INTERN~1\AppData\Local\Temp\playwright-java-3779845462637091283\package\lib\cli\driver.js:53:59)
    at Immediate._onImmediate (C:\Users\INTERN~1\AppData\Local\Temp\playwright-java-3779845462637091283\package\lib\server\utils\pipeTransport.js:76:16)
    at process.processImmediate (node:internal/timers:485:21)
}
at com.microsoft.playwright.impl.WaitableResult.get(WaitableResult.java:54)
at com.microsoft.playwright.impl.ChannelOwner.runUntil(ChannelOwner.java:138)
at com.microsoft.playwright.impl.Connection.sendMessage(Connection.java:131)
at com.microsoft.playwright.impl.ChannelOwner.sendMessage(ChannelOwner.java:124)
at com.microsoft.playwright.impl.FrameImpl.check(FrameImpl.java:222)
at com.microsoft.playwright.impl.LocatorImpl.check(LocatorImpl.java:151)
at com.microsoft.playwright.Locator.check(Locator.java:2387)
at utils.ReusableCode.selectRadioByLabel(ReusableCode.java:78)
at tests.OPRegistrationTest.verifyPAYOPRegistration(OPRegistrationTest.java:220)
at java.base/java.util.ArrayList.forEach(ArrayList.java:1596)
Caused by: com.microsoft.playwright.impl.TargetClosedError: Error {
  message='Target page, context or browser has been closed
  name='TargetClosedError
  stack='TargetClosedError: Target page, context or browser has been closed
    at DispatcherConnection.dispatch (C:\Users\INTERN~1\AppData\Local\Temp\playwright-java-3779845462637091283\package\lib\server\dispatchers\dispatcher.js:256:69)
    at transport.onmessage (C:\Users\INTERN~1\AppData\Local\Temp\playwright-java-3779845462637091283\package\lib\cli\driver.js:53:59)
    at Immediate._onImmediate (C:\Users\INTERN~1\AppData\Local\Temp\playwright-java-3779845462637091283\package\lib\server\utils\pipeTransport.js:76:16)
    at process.processImmediate (node:internal/timers:485:21)
}
at com.microsoft.playwright.impl.Connection.dispatch(Connection.java:259)
at com.microsoft.playwright.impl.Connection.processOneMessage(Connection.java:214)
at com.microsoft.playwright.impl.ChannelOwner.runUntil(ChannelOwner.java:136)
... 38 more
... Removed 30 stack frames]]>
    </failure>
  </testcase> <!-- verifyPAYOPRegistration -->
</testsuite> <!-- Surefire test -->
