<?xml version="1.0" encoding="UTF-8"?>
<!-- Generated by org.testng.reporters.JUnitXMLReporter -->
<testsuite ignored="0" hostname="DMDULBGFTRG0007" failures="1" tests="1" name="Surefire test" time="12.56" errors="0" timestamp="2026-06-30T17:45:37 IST">
  <testcase classname="tests.OPRegistrationTest" name="verifyPAYOPRegistration" time="4.656">
    <failure type="java.lang.RuntimeException" message="Dropdown &amp;apos;Pay/Free&amp;apos; not found in DropdownOptions sheet.">
      <![CDATA[java.lang.RuntimeException: Dropdown 'Pay/Free' not found in DropdownOptions sheet.
at tests.OPRegistrationTest.validateAndSelectDropdown(OPRegistrationTest.java:423)
at tests.OPRegistrationTest.verifyPAYOPRegistration(OPRegistrationTest.java:264)
at java.base/java.util.ArrayList.forEach(ArrayList.java:1596)
... Removed 30 stack frames]]>
    </failure>
  </testcase> <!-- verifyPAYOPRegistration -->
</testsuite> <!-- Surefire test -->
