<?xml version="1.0" encoding="UTF-8"?>
<!-- Generated by org.testng.reporters.JUnitXMLReporter -->
<testsuite ignored="0" hostname="DMDULBGFTRG0007" failures="1" tests="1" name="Surefire test" time="31.066" errors="0" timestamp="2026-07-16T11:00:18 IST">
  <testcase classname="tests.OPRegistrationTest" name="verifyPAYOPRegistration" time="24.348">
    <failure type="com.microsoft.playwright.impl.TargetClosedError" message="Error {
  message=&amp;apos;Target page, context or browser has been closed
  name=&amp;apos;TargetClosedError
  stack=&amp;apos;TargetClosedError:Target page, context or browser has been closed
Error
    at captureRawStack (C:\Users\INTERN~1\AppData\Local\Temp\playwright-java-15303142060707032562\package\lib\utils\isomorphic\stackTrace.js:32:17)
    at LongStandingScope._race (C:\Users\INTERN~1\AppData\Local\Temp\playwright-java-15303142060707032562\package\lib\utils\isomorphic\manualPromise.js:87:58)
    at LongStandingScope.race (C:\Users\INTERN~1\AppData\Local\Temp\playwright-java-15303142060707032562\package\lib\utils\isomorphic\manualPromise.js:80:17)
    at C:\Users\INTERN~1\AppData\Local\Temp\playwright-java-15303142060707032562\package\lib\utils\isomorphic\manualPromise.js:77:45
    at Array.map (&amp;lt;anonymous&amp;gt;)
    at LongStandingScope.raceMultiple (C:\Users\INTERN~1\AppData\Local\Temp\playwright-java-15303142060707032562\package\lib\utils\isomorphic\manualPromise.js:77:32)
    at Frame.retryWithProgressAndTimeouts (C:\Users\INTERN~1\AppData\Local\Temp\playwright-java-15303142060707032562\package\lib\server\frames.js:865:60)
    at async Frame.click (C:\Users\INTERN~1\AppData\Local\Temp\playwright-java-15303142060707032562\package\lib\server\frames.js:944:27)
    at async FrameDispatcher.click (C:\Users\INTERN~1\AppData\Local\Temp\playwright-java-15303142060707032562\package\lib\server\dispatchers\frameDispatcher.js:117:12)
    at async ProgressController.run (C:\Users\INTERN~1\AppData\Local\Temp\playwright-java-15303142060707032562\package\lib\server\progress.js:139:41)
    at async FrameDispatcher._runCommand (C:\Users\INTERN~1\AppData\Local\Temp\playwright-java-15303142060707032562\package\lib\server\dispatchers\dispatcher.js:91:14)
    at async DispatcherConnection.dispatch (C:\Users\INTERN~1\AppData\Local\Temp\playwright-java-15303142060707032562\package\lib\server\dispatchers\dispatcher.js:322:22)
}
Call log:
-   - waiting for locator(&amp;quot;//h3[normalize-space()=&amp;apos;IHMS&amp;apos;]&amp;quot;)
">
      <![CDATA[com.microsoft.playwright.impl.TargetClosedError: Error {
  message='Target page, context or browser has been closed
  name='TargetClosedError
  stack='TargetClosedError:Target page, context or browser has been closed
Error
    at captureRawStack (C:\Users\INTERN~1\AppData\Local\Temp\playwright-java-15303142060707032562\package\lib\utils\isomorphic\stackTrace.js:32:17)
    at LongStandingScope._race (C:\Users\INTERN~1\AppData\Local\Temp\playwright-java-15303142060707032562\package\lib\utils\isomorphic\manualPromise.js:87:58)
    at LongStandingScope.race (C:\Users\INTERN~1\AppData\Local\Temp\playwright-java-15303142060707032562\package\lib\utils\isomorphic\manualPromise.js:80:17)
    at C:\Users\INTERN~1\AppData\Local\Temp\playwright-java-15303142060707032562\package\lib\utils\isomorphic\manualPromise.js:77:45
    at Array.map (<anonymous>)
    at LongStandingScope.raceMultiple (C:\Users\INTERN~1\AppData\Local\Temp\playwright-java-15303142060707032562\package\lib\utils\isomorphic\manualPromise.js:77:32)
    at Frame.retryWithProgressAndTimeouts (C:\Users\INTERN~1\AppData\Local\Temp\playwright-java-15303142060707032562\package\lib\server\frames.js:865:60)
    at async Frame.click (C:\Users\INTERN~1\AppData\Local\Temp\playwright-java-15303142060707032562\package\lib\server\frames.js:944:27)
    at async FrameDispatcher.click (C:\Users\INTERN~1\AppData\Local\Temp\playwright-java-15303142060707032562\package\lib\server\dispatchers\frameDispatcher.js:117:12)
    at async ProgressController.run (C:\Users\INTERN~1\AppData\Local\Temp\playwright-java-15303142060707032562\package\lib\server\progress.js:139:41)
    at async FrameDispatcher._runCommand (C:\Users\INTERN~1\AppData\Local\Temp\playwright-java-15303142060707032562\package\lib\server\dispatchers\dispatcher.js:91:14)
    at async DispatcherConnection.dispatch (C:\Users\INTERN~1\AppData\Local\Temp\playwright-java-15303142060707032562\package\lib\server\dispatchers\dispatcher.js:322:22)
}
Call log:
-   - waiting for locator("//h3[normalize-space()='IHMS']")

at com.microsoft.playwright.impl.WaitableResult.get(WaitableResult.java:54)
at com.microsoft.playwright.impl.ChannelOwner.runUntil(ChannelOwner.java:138)
at com.microsoft.playwright.impl.Connection.sendMessage(Connection.java:131)
at com.microsoft.playwright.impl.ChannelOwner.sendMessage(ChannelOwner.java:124)
at com.microsoft.playwright.impl.FrameImpl.clickImpl(FrameImpl.java:241)
at com.microsoft.playwright.impl.PageImpl.click(PageImpl.java:680)
at com.microsoft.playwright.Page.click(Page.java:3931)
at pages.DashboardPage.clickDashboardOption(DashboardPage.java:15)
at tests.OPRegistrationTest.lambda$verifyPAYOPRegistration$0(OPRegistrationTest.java:158)
at com.microsoft.playwright.impl.ChannelOwner.runUntil(ChannelOwner.java:134)
at com.microsoft.playwright.impl.PageImpl.waitForEventWithTimeout(PageImpl.java:535)
at com.microsoft.playwright.impl.PageImpl.waitForPopupImpl(PageImpl.java:503)
at com.microsoft.playwright.impl.PageImpl.lambda$waitForPopup$4(PageImpl.java:496)
at com.microsoft.playwright.impl.WaitForEventLogger.get(WaitForEventLogger.java:49)
at com.microsoft.playwright.impl.ChannelOwner.withWaitLogging(ChannelOwner.java:84)
at com.microsoft.playwright.impl.PageImpl.waitForPopup(PageImpl.java:496)
at com.microsoft.playwright.Page.waitForPopup(Page.java:7908)
at tests.OPRegistrationTest.verifyPAYOPRegistration(OPRegistrationTest.java:157)
at java.base/java.util.ArrayList.forEach(ArrayList.java:1596)
Caused by: com.microsoft.playwright.impl.TargetClosedError: Error {
  message='Target page, context or browser has been closed
  name='TargetClosedError
  stack='TargetClosedError:Target page, context or browser has been closed
Error
    at captureRawStack (C:\Users\INTERN~1\AppData\Local\Temp\playwright-java-15303142060707032562\package\lib\utils\isomorphic\stackTrace.js:32:17)
    at LongStandingScope._race (C:\Users\INTERN~1\AppData\Local\Temp\playwright-java-15303142060707032562\package\lib\utils\isomorphic\manualPromise.js:87:58)
    at LongStandingScope.race (C:\Users\INTERN~1\AppData\Local\Temp\playwright-java-15303142060707032562\package\lib\utils\isomorphic\manualPromise.js:80:17)
    at C:\Users\INTERN~1\AppData\Local\Temp\playwright-java-15303142060707032562\package\lib\utils\isomorphic\manualPromise.js:77:45
    at Array.map (<anonymous>)
    at LongStandingScope.raceMultiple (C:\Users\INTERN~1\AppData\Local\Temp\playwright-java-15303142060707032562\package\lib\utils\isomorphic\manualPromise.js:77:32)
    at Frame.retryWithProgressAndTimeouts (C:\Users\INTERN~1\AppData\Local\Temp\playwright-java-15303142060707032562\package\lib\server\frames.js:865:60)
    at async Frame.click (C:\Users\INTERN~1\AppData\Local\Temp\playwright-java-15303142060707032562\package\lib\server\frames.js:944:27)
    at async FrameDispatcher.click (C:\Users\INTERN~1\AppData\Local\Temp\playwright-java-15303142060707032562\package\lib\server\dispatchers\frameDispatcher.js:117:12)
    at async ProgressController.run (C:\Users\INTERN~1\AppData\Local\Temp\playwright-java-15303142060707032562\package\lib\server\progress.js:139:41)
    at async FrameDispatcher._runCommand (C:\Users\INTERN~1\AppData\Local\Temp\playwright-java-15303142060707032562\package\lib\server\dispatchers\dispatcher.js:91:14)
    at async DispatcherConnection.dispatch (C:\Users\INTERN~1\AppData\Local\Temp\playwright-java-15303142060707032562\package\lib\server\dispatchers\dispatcher.js:322:22)
}
Call log:
-   - waiting for locator("//h3[normalize-space()='IHMS']")

at com.microsoft.playwright.impl.Connection.dispatch(Connection.java:259)
at com.microsoft.playwright.impl.Connection.processOneMessage(Connection.java:214)
at com.microsoft.playwright.impl.ChannelOwner.runUntil(ChannelOwner.java:136)
... 47 more
... Removed 30 stack frames]]>
    </failure>
  </testcase> <!-- verifyPAYOPRegistration -->
</testsuite> <!-- Surefire test -->
