<?xml version="1.0" encoding="UTF-8"?>
<!-- Generated by org.testng.reporters.JUnitXMLReporter -->
<testsuite ignored="0" hostname="DMDULBGFTRG0007" failures="1" tests="1" name="Surefire test" time="59.804" errors="0" timestamp="2026-06-29T17:51:04 IST">
  <testcase classname="tests.OPRegistrationTest" name="verifyPAYOPRegistration" time="52.77">
    <failure type="com.microsoft.playwright.PlaywrightException" message="Error {
  message=&amp;apos;Error: strict mode violation: locator(&amp;quot;//input[@placeholder=&amp;apos;Search...&amp;apos;]&amp;quot;) resolved to 2 elements:
    1) &amp;lt;input type=&amp;quot;text&amp;quot; placeholder=&amp;quot;Search...&amp;quot; class=&amp;quot;w-full border border-gray-300 rounded px-2 py-1 pr-8 text-sm focus:outline-none focus:ring-2 focus:ring-blue-500 ng-untouched ng-pristine ng-valid&amp;quot;/&amp;gt; aka locator(&amp;quot;#subsidyApprovedBy&amp;quot;).getByRole(AriaRole.TEXTBOX, new Locator.GetByRoleOptions().setName(&amp;quot;Search...&amp;quot;))
    2) &amp;lt;input type=&amp;quot;text&amp;quot; placeholder=&amp;quot;Search...&amp;quot; class=&amp;quot;w-full border border-gray-300 rounded px-2 py-1 pr-8 text-sm focus:outline-none focus:ring-2 focus:ring-blue-500 ng-pristine ng-valid ng-touched&amp;quot;/&amp;gt; aka locator(&amp;quot;#subsidyReason&amp;quot;).getByRole(AriaRole.TEXTBOX, new Locator.GetByRoleOptions().setName(&amp;quot;Search...&amp;quot;))

  name=&amp;apos;Error
  stack=&amp;apos;Error: Error: strict mode violation: locator(&amp;quot;//input[@placeholder=&amp;apos;Search...&amp;apos;]&amp;quot;) resolved to 2 elements:
    1) &amp;lt;input type=&amp;quot;text&amp;quot; placeholder=&amp;quot;Search...&amp;quot; class=&amp;quot;w-full border border-gray-300 rounded px-2 py-1 pr-8 text-sm focus:outline-none focus:ring-2 focus:ring-blue-500 ng-untouched ng-pristine ng-valid&amp;quot;/&amp;gt; aka locator(&amp;quot;#subsidyApprovedBy&amp;quot;).getByRole(AriaRole.TEXTBOX, new Locator.GetByRoleOptions().setName(&amp;quot;Search...&amp;quot;))
    2) &amp;lt;input type=&amp;quot;text&amp;quot; placeholder=&amp;quot;Search...&amp;quot; class=&amp;quot;w-full border border-gray-300 rounded px-2 py-1 pr-8 text-sm focus:outline-none focus:ring-2 focus:ring-blue-500 ng-pristine ng-valid ng-touched&amp;quot;/&amp;gt; aka locator(&amp;quot;#subsidyReason&amp;quot;).getByRole(AriaRole.TEXTBOX, new Locator.GetByRoleOptions().setName(&amp;quot;Search...&amp;quot;))

    at CRExecutionContext.evaluateWithArguments (C:\Users\INTERN~1\AppData\Local\Temp\playwright-java-2089799998871800543\package\lib\server\chromium\crExecutionContext.js:80:13)
    at async LongStandingScope._race (C:\Users\INTERN~1\AppData\Local\Temp\playwright-java-2089799998871800543\package\lib\utils\isomorphic\manualPromise.js:94:14)
    at async evaluateExpression (C:\Users\INTERN~1\AppData\Local\Temp\playwright-java-2089799998871800543\package\lib\server\javascript.js:217:12)
    at async C:\Users\INTERN~1\AppData\Local\Temp\playwright-java-2089799998871800543\package\lib\server\frames.js:901:22
    at async Frame.retryWithProgressAndTimeouts (C:\Users\INTERN~1\AppData\Local\Temp\playwright-java-2089799998871800543\package\lib\server\frames.js:871:24)
    at async Frame.type (C:\Users\INTERN~1\AppData\Local\Temp\playwright-java-2089799998871800543\package\lib\server\frames.js:1106:27)
    at async FrameDispatcher.type (C:\Users\INTERN~1\AppData\Local\Temp\playwright-java-2089799998871800543\package\lib\server\dispatchers\frameDispatcher.js:187:12)
    at async ProgressController.run (C:\Users\INTERN~1\AppData\Local\Temp\playwright-java-2089799998871800543\package\lib\server\progress.js:139:41)
    at async FrameDispatcher._runCommand (C:\Users\INTERN~1\AppData\Local\Temp\playwright-java-2089799998871800543\package\lib\server\dispatchers\dispatcher.js:91:14)
    at async DispatcherConnection.dispatch (C:\Users\INTERN~1\AppData\Local\Temp\playwright-java-2089799998871800543\package\lib\server\dispatchers\dispatcher.js:322:22)
}
Call log:
-   - waiting for locator(&amp;quot;//input[@placeholder=&amp;apos;Search...&amp;apos;]&amp;quot;)
">
      <![CDATA[com.microsoft.playwright.PlaywrightException: Error {
  message='Error: strict mode violation: locator("//input[@placeholder='Search...']") resolved to 2 elements:
    1) <input type="text" placeholder="Search..." class="w-full border border-gray-300 rounded px-2 py-1 pr-8 text-sm focus:outline-none focus:ring-2 focus:ring-blue-500 ng-untouched ng-pristine ng-valid"/> aka locator("#subsidyApprovedBy").getByRole(AriaRole.TEXTBOX, new Locator.GetByRoleOptions().setName("Search..."))
    2) <input type="text" placeholder="Search..." class="w-full border border-gray-300 rounded px-2 py-1 pr-8 text-sm focus:outline-none focus:ring-2 focus:ring-blue-500 ng-pristine ng-valid ng-touched"/> aka locator("#subsidyReason").getByRole(AriaRole.TEXTBOX, new Locator.GetByRoleOptions().setName("Search..."))

  name='Error
  stack='Error: Error: strict mode violation: locator("//input[@placeholder='Search...']") resolved to 2 elements:
    1) <input type="text" placeholder="Search..." class="w-full border border-gray-300 rounded px-2 py-1 pr-8 text-sm focus:outline-none focus:ring-2 focus:ring-blue-500 ng-untouched ng-pristine ng-valid"/> aka locator("#subsidyApprovedBy").getByRole(AriaRole.TEXTBOX, new Locator.GetByRoleOptions().setName("Search..."))
    2) <input type="text" placeholder="Search..." class="w-full border border-gray-300 rounded px-2 py-1 pr-8 text-sm focus:outline-none focus:ring-2 focus:ring-blue-500 ng-pristine ng-valid ng-touched"/> aka locator("#subsidyReason").getByRole(AriaRole.TEXTBOX, new Locator.GetByRoleOptions().setName("Search..."))

    at CRExecutionContext.evaluateWithArguments (C:\Users\INTERN~1\AppData\Local\Temp\playwright-java-2089799998871800543\package\lib\server\chromium\crExecutionContext.js:80:13)
    at async LongStandingScope._race (C:\Users\INTERN~1\AppData\Local\Temp\playwright-java-2089799998871800543\package\lib\utils\isomorphic\manualPromise.js:94:14)
    at async evaluateExpression (C:\Users\INTERN~1\AppData\Local\Temp\playwright-java-2089799998871800543\package\lib\server\javascript.js:217:12)
    at async C:\Users\INTERN~1\AppData\Local\Temp\playwright-java-2089799998871800543\package\lib\server\frames.js:901:22
    at async Frame.retryWithProgressAndTimeouts (C:\Users\INTERN~1\AppData\Local\Temp\playwright-java-2089799998871800543\package\lib\server\frames.js:871:24)
    at async Frame.type (C:\Users\INTERN~1\AppData\Local\Temp\playwright-java-2089799998871800543\package\lib\server\frames.js:1106:27)
    at async FrameDispatcher.type (C:\Users\INTERN~1\AppData\Local\Temp\playwright-java-2089799998871800543\package\lib\server\dispatchers\frameDispatcher.js:187:12)
    at async ProgressController.run (C:\Users\INTERN~1\AppData\Local\Temp\playwright-java-2089799998871800543\package\lib\server\progress.js:139:41)
    at async FrameDispatcher._runCommand (C:\Users\INTERN~1\AppData\Local\Temp\playwright-java-2089799998871800543\package\lib\server\dispatchers\dispatcher.js:91:14)
    at async DispatcherConnection.dispatch (C:\Users\INTERN~1\AppData\Local\Temp\playwright-java-2089799998871800543\package\lib\server\dispatchers\dispatcher.js:322:22)
}
Call log:
-   - waiting for locator("//input[@placeholder='Search...']")

at com.microsoft.playwright.impl.WaitableResult.get(WaitableResult.java:56)
at com.microsoft.playwright.impl.ChannelOwner.runUntil(ChannelOwner.java:138)
at com.microsoft.playwright.impl.Connection.sendMessage(Connection.java:131)
at com.microsoft.playwright.impl.ChannelOwner.sendMessage(ChannelOwner.java:124)
at com.microsoft.playwright.impl.FrameImpl.type(FrameImpl.java:780)
at com.microsoft.playwright.impl.LocatorImpl.type(LocatorImpl.java:609)
at com.microsoft.playwright.impl.LocatorImpl.pressSequentially(LocatorImpl.java:476)
at com.microsoft.playwright.Locator.pressSequentially(Locator.java:4340)
at utils.ReusableCode.selectSearchableDropdownByLabel(ReusableCode.java:93)
at tests.OPRegistrationTest.verifySubsidySubCategory(OPRegistrationTest.java:101)
at tests.OPRegistrationTest.verifyPAYOPRegistration(OPRegistrationTest.java:79)
at java.base/java.util.ArrayList.forEach(ArrayList.java:1596)
Caused by: com.microsoft.playwright.impl.DriverException: Error {
  message='Error: strict mode violation: locator("//input[@placeholder='Search...']") resolved to 2 elements:
    1) <input type="text" placeholder="Search..." class="w-full border border-gray-300 rounded px-2 py-1 pr-8 text-sm focus:outline-none focus:ring-2 focus:ring-blue-500 ng-untouched ng-pristine ng-valid"/> aka locator("#subsidyApprovedBy").getByRole(AriaRole.TEXTBOX, new Locator.GetByRoleOptions().setName("Search..."))
    2) <input type="text" placeholder="Search..." class="w-full border border-gray-300 rounded px-2 py-1 pr-8 text-sm focus:outline-none focus:ring-2 focus:ring-blue-500 ng-pristine ng-valid ng-touched"/> aka locator("#subsidyReason").getByRole(AriaRole.TEXTBOX, new Locator.GetByRoleOptions().setName("Search..."))

  name='Error
  stack='Error: Error: strict mode violation: locator("//input[@placeholder='Search...']") resolved to 2 elements:
    1) <input type="text" placeholder="Search..." class="w-full border border-gray-300 rounded px-2 py-1 pr-8 text-sm focus:outline-none focus:ring-2 focus:ring-blue-500 ng-untouched ng-pristine ng-valid"/> aka locator("#subsidyApprovedBy").getByRole(AriaRole.TEXTBOX, new Locator.GetByRoleOptions().setName("Search..."))
    2) <input type="text" placeholder="Search..." class="w-full border border-gray-300 rounded px-2 py-1 pr-8 text-sm focus:outline-none focus:ring-2 focus:ring-blue-500 ng-pristine ng-valid ng-touched"/> aka locator("#subsidyReason").getByRole(AriaRole.TEXTBOX, new Locator.GetByRoleOptions().setName("Search..."))

    at CRExecutionContext.evaluateWithArguments (C:\Users\INTERN~1\AppData\Local\Temp\playwright-java-2089799998871800543\package\lib\server\chromium\crExecutionContext.js:80:13)
    at async LongStandingScope._race (C:\Users\INTERN~1\AppData\Local\Temp\playwright-java-2089799998871800543\package\lib\utils\isomorphic\manualPromise.js:94:14)
    at async evaluateExpression (C:\Users\INTERN~1\AppData\Local\Temp\playwright-java-2089799998871800543\package\lib\server\javascript.js:217:12)
    at async C:\Users\INTERN~1\AppData\Local\Temp\playwright-java-2089799998871800543\package\lib\server\frames.js:901:22
    at async Frame.retryWithProgressAndTimeouts (C:\Users\INTERN~1\AppData\Local\Temp\playwright-java-2089799998871800543\package\lib\server\frames.js:871:24)
    at async Frame.type (C:\Users\INTERN~1\AppData\Local\Temp\playwright-java-2089799998871800543\package\lib\server\frames.js:1106:27)
    at async FrameDispatcher.type (C:\Users\INTERN~1\AppData\Local\Temp\playwright-java-2089799998871800543\package\lib\server\dispatchers\frameDispatcher.js:187:12)
    at async ProgressController.run (C:\Users\INTERN~1\AppData\Local\Temp\playwright-java-2089799998871800543\package\lib\server\progress.js:139:41)
    at async FrameDispatcher._runCommand (C:\Users\INTERN~1\AppData\Local\Temp\playwright-java-2089799998871800543\package\lib\server\dispatchers\dispatcher.js:91:14)
    at async DispatcherConnection.dispatch (C:\Users\INTERN~1\AppData\Local\Temp\playwright-java-2089799998871800543\package\lib\server\dispatchers\dispatcher.js:322:22)
}
Call log:
-   - waiting for locator("//input[@placeholder='Search...']")

at com.microsoft.playwright.impl.Connection.dispatch(Connection.java:262)
at com.microsoft.playwright.impl.Connection.processOneMessage(Connection.java:214)
at com.microsoft.playwright.impl.ChannelOwner.runUntil(ChannelOwner.java:136)
... 40 more
... Removed 30 stack frames]]>
    </failure>
  </testcase> <!-- verifyPAYOPRegistration -->
</testsuite> <!-- Surefire test -->
