<?xml version="1.0" encoding="UTF-8"?>
<!-- Generated by org.testng.reporters.JUnitReportReporter -->
<testsuite hostname="DMDULBGFTRG0007" failures="0" tests="1" name="tests.OPRegistrationTest" time="20.899" errors="1" timestamp="2026-07-23T17:18:14 IST" skipped="0">
  <testcase classname="tests.OPRegistrationTest" name="verifySmallModuleInsideOpRegistration" time="20.899">
    <error message="Error {
  message=&#039;Target page, context or browser has been closed
  name=&#039;TargetClosedError
  stack=&#039;TargetClosedError: Target page, context or browser has been closed
    at DispatcherConnection.dispatch (C:\Users\INTERN~1\AppData\Local\Temp\playwright-java-4679922677312607798\package\lib\server\dispatchers\dispatcher.js:333:15)
}
Call log:
-   - waiting for locator(&quot;//button[normalize-space()=&#039;View Collection&#039;]&quot;)
-     - locator resolved to &lt;button class=&quot;bg-white text-[#405189] border border-[#40518991] border-b-[3px] border-b-[#405189] px-6 py-2 rounded hover:bg-[#405189] hover:text-white transition&quot;&gt;…&lt;/button&gt;
-   - attempting click action
-     2 × waiting for element to be visible, enabled and stable
-       - element is visible, enabled and stable
-       - scrolling into view if needed
-       - done scrolling
-       - &lt;div _ngcontent-ng-c3945334500=&quot;&quot; class=&quot;fixed inset-0 bg-black bg-opacity-50 flex items-center justify-center z-50 ng-star-inserted&quot;&gt;…&lt;/div&gt; from &lt;app-spinner _nghost-ng-c3945334500=&quot;&quot;&gt;…&lt;/app-spinner&gt; subtree intercepts pointer events
-     - retrying click action
-     - waiting 20ms
-     2 × waiting for element to be visible, enabled and stable
-       - element is visible, enabled and stable
-       - scrolling into view if needed
-       - done scrolling
-       - &lt;div _ngcontent-ng-c3945334500=&quot;&quot; class=&quot;fixed inset-0 bg-black bg-opacity-50 flex items-center justify-center z-50 ng-star-inserted&quot;&gt;…&lt;/div&gt; from &lt;app-spinner _nghost-ng-c3945334500=&quot;&quot;&gt;…&lt;/app-spinner&gt; subtree intercepts pointer events
-     - retrying click action
-       - waiting 100ms
-     9 × waiting for element to be visible, enabled and stable
-       - element is visible, enabled and stable
-       - scrolling into view if needed
-       - done scrolling
-       - &lt;div _ngcontent-ng-c3945334500=&quot;&quot; class=&quot;fixed inset-0 bg-black bg-opacity-50 flex items-center justify-center z-50 ng-star-inserted&quot;&gt;…&lt;/div&gt; from &lt;app-spinner _nghost-ng-c3945334500=&quot;&quot;&gt;…&lt;/app-spinner&gt; subtree intercepts pointer events
-     - retrying click action
-       - waiting 500ms
" type="com.microsoft.playwright.impl.TargetClosedError">
      <![CDATA[com.microsoft.playwright.impl.TargetClosedError: Error {
  message='Target page, context or browser has been closed
  name='TargetClosedError
  stack='TargetClosedError: Target page, context or browser has been closed
    at DispatcherConnection.dispatch (C:\Users\INTERN~1\AppData\Local\Temp\playwright-java-4679922677312607798\package\lib\server\dispatchers\dispatcher.js:333:15)
}
Call log:
-   - waiting for locator("//button[normalize-space()='View Collection']")
-     - locator resolved to <button class="bg-white text-[#405189] border border-[#40518991] border-b-[3px] border-b-[#405189] px-6 py-2 rounded hover:bg-[#405189] hover:text-white transition">…</button>
-   - attempting click action
-     2 × waiting for element to be visible, enabled and stable
-       - element is visible, enabled and stable
-       - scrolling into view if needed
-       - done scrolling
-       - <div _ngcontent-ng-c3945334500="" class="fixed inset-0 bg-black bg-opacity-50 flex items-center justify-center z-50 ng-star-inserted">…</div> from <app-spinner _nghost-ng-c3945334500="">…</app-spinner> subtree intercepts pointer events
-     - retrying click action
-     - waiting 20ms
-     2 × waiting for element to be visible, enabled and stable
-       - element is visible, enabled and stable
-       - scrolling into view if needed
-       - done scrolling
-       - <div _ngcontent-ng-c3945334500="" class="fixed inset-0 bg-black bg-opacity-50 flex items-center justify-center z-50 ng-star-inserted">…</div> from <app-spinner _nghost-ng-c3945334500="">…</app-spinner> subtree intercepts pointer events
-     - retrying click action
-       - waiting 100ms
-     9 × waiting for element to be visible, enabled and stable
-       - element is visible, enabled and stable
-       - scrolling into view if needed
-       - done scrolling
-       - <div _ngcontent-ng-c3945334500="" class="fixed inset-0 bg-black bg-opacity-50 flex items-center justify-center z-50 ng-star-inserted">…</div> from <app-spinner _nghost-ng-c3945334500="">…</app-spinner> subtree intercepts pointer events
-     - retrying click action
-       - waiting 500ms

at com.microsoft.playwright.impl.WaitableResult.get(WaitableResult.java:54)
at com.microsoft.playwright.impl.ChannelOwner.runUntil(ChannelOwner.java:138)
at com.microsoft.playwright.impl.Connection.sendMessage(Connection.java:131)
at com.microsoft.playwright.impl.ChannelOwner.sendMessage(ChannelOwner.java:124)
at com.microsoft.playwright.impl.FrameImpl.clickImpl(FrameImpl.java:241)
at com.microsoft.playwright.impl.PageImpl.click(PageImpl.java:680)
at com.microsoft.playwright.Page.click(Page.java:3931)
at utils.ReusableCode.buttonClick(ReusableCode.java:52)
at tests.OPRegistrationTest.verifyViewCollection(OPRegistrationTest.java:625)
at tests.OPRegistrationTest.verifySmallModuleInsideOpRegistration(OPRegistrationTest.java:579)
at java.base/jdk.internal.reflect.DirectMethodHandleAccessor.invoke(DirectMethodHandleAccessor.java:103)
at java.base/java.lang.reflect.Method.invoke(Method.java:580)
at org.testng.internal.invokers.MethodInvocationHelper.invokeMethod(MethodInvocationHelper.java:141)
at org.testng.internal.invokers.TestInvoker.invokeMethod(TestInvoker.java:686)
at org.testng.internal.invokers.TestInvoker.invokeTestMethod(TestInvoker.java:230)
at org.testng.internal.invokers.MethodRunner.runInSequence(MethodRunner.java:63)
at org.testng.internal.invokers.TestInvoker$MethodInvocationAgent.invoke(TestInvoker.java:992)
at org.testng.internal.invokers.TestInvoker.invokeTestMethods(TestInvoker.java:203)
at org.testng.internal.invokers.TestMethodWorker.invokeTestMethods(TestMethodWorker.java:154)
at org.testng.internal.invokers.TestMethodWorker.run(TestMethodWorker.java:134)
at java.base/java.util.ArrayList.forEach(ArrayList.java:1596)
at org.testng.TestRunner.privateRun(TestRunner.java:739)
at org.testng.TestRunner.run(TestRunner.java:614)
at org.testng.SuiteRunner.runTest(SuiteRunner.java:421)
at org.testng.SuiteRunner.runSequentially(SuiteRunner.java:413)
at org.testng.SuiteRunner.privateRun(SuiteRunner.java:373)
at org.testng.SuiteRunner.run(SuiteRunner.java:312)
at org.testng.SuiteRunnerWorker.runSuite(SuiteRunnerWorker.java:52)
at org.testng.SuiteRunnerWorker.run(SuiteRunnerWorker.java:95)
at org.testng.TestNG.runSuitesSequentially(TestNG.java:1274)
at org.testng.TestNG.runSuitesLocally(TestNG.java:1208)
at org.testng.TestNG.runSuites(TestNG.java:1112)
at org.testng.TestNG.run(TestNG.java:1079)
at org.apache.maven.surefire.testng.TestNGExecutor.run(TestNGExecutor.java:135)
at org.apache.maven.surefire.testng.TestNGDirectoryTestSuite.executeMulti(TestNGDirectoryTestSuite.java:193)
at org.apache.maven.surefire.testng.TestNGDirectoryTestSuite.execute(TestNGDirectoryTestSuite.java:94)
at org.apache.maven.surefire.testng.TestNGProvider.invoke(TestNGProvider.java:146)
at org.apache.maven.surefire.booter.ForkedBooter.invokeProviderInSameClassLoader(ForkedBooter.java:384)
at org.apache.maven.surefire.booter.ForkedBooter.runSuitesInProcess(ForkedBooter.java:345)
at org.apache.maven.surefire.booter.ForkedBooter.execute(ForkedBooter.java:126)
at org.apache.maven.surefire.booter.ForkedBooter.main(ForkedBooter.java:418)
Caused by: com.microsoft.playwright.impl.TargetClosedError: Error {
  message='Target page, context or browser has been closed
  name='TargetClosedError
  stack='TargetClosedError: Target page, context or browser has been closed
    at DispatcherConnection.dispatch (C:\Users\INTERN~1\AppData\Local\Temp\playwright-java-4679922677312607798\package\lib\server\dispatchers\dispatcher.js:333:15)
}
Call log:
-   - waiting for locator("//button[normalize-space()='View Collection']")
-     - locator resolved to <button class="bg-white text-[#405189] border border-[#40518991] border-b-[3px] border-b-[#405189] px-6 py-2 rounded hover:bg-[#405189] hover:text-white transition">…</button>
-   - attempting click action
-     2 × waiting for element to be visible, enabled and stable
-       - element is visible, enabled and stable
-       - scrolling into view if needed
-       - done scrolling
-       - <div _ngcontent-ng-c3945334500="" class="fixed inset-0 bg-black bg-opacity-50 flex items-center justify-center z-50 ng-star-inserted">…</div> from <app-spinner _nghost-ng-c3945334500="">…</app-spinner> subtree intercepts pointer events
-     - retrying click action
-     - waiting 20ms
-     2 × waiting for element to be visible, enabled and stable
-       - element is visible, enabled and stable
-       - scrolling into view if needed
-       - done scrolling
-       - <div _ngcontent-ng-c3945334500="" class="fixed inset-0 bg-black bg-opacity-50 flex items-center justify-center z-50 ng-star-inserted">…</div> from <app-spinner _nghost-ng-c3945334500="">…</app-spinner> subtree intercepts pointer events
-     - retrying click action
-       - waiting 100ms
-     9 × waiting for element to be visible, enabled and stable
-       - element is visible, enabled and stable
-       - scrolling into view if needed
-       - done scrolling
-       - <div _ngcontent-ng-c3945334500="" class="fixed inset-0 bg-black bg-opacity-50 flex items-center justify-center z-50 ng-star-inserted">…</div> from <app-spinner _nghost-ng-c3945334500="">…</app-spinner> subtree intercepts pointer events
-     - retrying click action
-       - waiting 500ms

at com.microsoft.playwright.impl.Connection.dispatch(Connection.java:259)
at com.microsoft.playwright.impl.Connection.processOneMessage(Connection.java:214)
at com.microsoft.playwright.impl.ChannelOwner.runUntil(ChannelOwner.java:136)
... 39 more
]]>
    </error>
  </testcase> <!-- verifySmallModuleInsideOpRegistration -->
</testsuite> <!-- tests.OPRegistrationTest -->
